# JRE version: OpenJDK Runtime Environment (17.0.6) (build 17.0.6+0-b2043.56-10027231)
# Java VM: OpenJDK 64-Bit Server VM (17.0.6+0-b2043.56-10027231, mixed mode, tiered, compressed oops, compressed class ptrs, g1 gc, windows-amd64)
GC Precious Log:
 CPUs: 4 total, 4 available
 Memory: 7998M
 Large Page Support: Disabled
 NUMA Support: Disabled
 Compressed Oops: Enabled (32-bit)
 Heap Region Size: 1M
 Heap Min Capacity: 8M
 Heap Initial Capacity: 126M
 Heap Max Capacity: 2000M
 Pre-touch: Disabled
 Parallel Workers: 4
 Concurrent Workers: 1
 Concurrent Refinement Workers: 4
 Periodic GC: Disabled
Heap:
 garbage-first heap   total 154624K, used 103435K [0x0000000083000000, 0x0000000100000000)
  region size 1024K, 45 young (46080K), 5 survivors (5120K)
 Metaspace       used 77973K, committed 78336K, reserved 1122304K
  class space    used 8926K, committed 9088K, reserved 1048576K
GC Heap History (20 events):
Event: 6.326 GC heap before
{Heap before GC invocations=24 (full 0):
 garbage-first heap   total 73728K, used 49363K [0x0000000083000000, 0x0000000100000000)
  region size 1024K, 11 young (11264K), 2 survivors (2048K)
 Metaspace       used 58503K, committed 58816K, reserved 1105920K
  class space    used 7052K, committed 7232K, reserved 1048576K
}
Event: 6.333 GC heap after
{Heap after GC invocations=25 (full 0):
 garbage-first heap   total 73728K, used 42169K [0x0000000083000000, 0x0000000100000000)
  region size 1024K, 2 young (2048K), 2 survivors (2048K)
 Metaspace       used 58503K, committed 58816K, reserved 1105920K
  class space    used 7052K, committed 7232K, reserved 1048576K
}
Event: 6.603 GC heap before
{Heap before GC invocations=25 (full 0):
 garbage-first heap   total 73728K, used 56505K [0x0000000083000000, 0x0000000100000000)
  region size 1024K, 16 young (16384K), 2 survivors (2048K)
 Metaspace       used 58644K, committed 58944K, reserved 1105920K
  class space    used 7055K, committed 7232K, reserved 1048576K
}
Event: 6.614 GC heap after
{Heap after GC invocations=26 (full 0):
 garbage-first heap   total 89088K, used 44798K [0x0000000083000000, 0x0000000100000000)
  region size 1024K, 2 young (2048K), 2 survivors (2048K)
 Metaspace       used 58644K, committed 58944K, reserved 1105920K
  class space    used 7055K, committed 7232K, reserved 1048576K
}
Event: 6.893 GC heap before
{Heap before GC invocations=27 (full 0):
 garbage-first heap   total 89088K, used 67326K [0x0000000083000000, 0x0000000100000000)
  region size 1024K, 24 young (24576K), 2 survivors (2048K)
 Metaspace       used 58859K, committed 59136K, reserved 1105920K
  class space    used 7073K, committed 7232K, reserved 1048576K
}
Event: 6.901 GC heap after
{Heap after GC invocations=28 (full 0):
 garbage-first heap   total 89088K, used 46218K [0x0000000083000000, 0x0000000100000000)
  region size 1024K, 2 young (2048K), 2 survivors (2048K)
 Metaspace       used 58859K, committed 59136K, reserved 1105920K
  class space    used 7073K, committed 7232K, reserved 1048576K
}
Event: 7.768 GC heap before
{Heap before GC invocations=28 (full 0):
 garbage-first heap   total 89088K, used 68746K [0x0000000083000000, 0x0000000100000000)
  region size 1024K, 24 young (24576K), 2 survivors (2048K)
 Metaspace       used 62654K, committed 62976K, reserved 1105920K
  class space    used 7604K, committed 7744K, reserved 1048576K
}
Event: 7.776 GC heap after
{Heap after GC invocations=29 (full 0):
 garbage-first heap   total 89088K, used 47804K [0x0000000083000000, 0x0000000100000000)
  region size 1024K, 3 young (3072K), 3 survivors (3072K)
 Metaspace       used 62654K, committed 62976K, reserved 1105920K
  class space    used 7604K, committed 7744K, reserved 1048576K
}
Event: 8.716 GC heap before
{Heap before GC invocations=30 (full 0):
 garbage-first heap   total 89088K, used 70332K [0x0000000083000000, 0x0000000100000000)
  region size 1024K, 25 young (25600K), 3 survivors (3072K)
 Metaspace       used 64329K, committed 64640K, reserved 1105920K
  class space    used 7732K, committed 7872K, reserved 1048576K
}
Event: 8.725 GC heap after
{Heap after GC invocations=31 (full 0):
 garbage-first heap   total 89088K, used 51194K [0x0000000083000000, 0x0000000100000000)
  region size 1024K, 4 young (4096K), 4 survivors (4096K)
 Metaspace       used 64329K, committed 64640K, reserved 1105920K
  class space    used 7732K, committed 7872K, reserved 1048576K
}
Event: 8.766 GC heap before
{Heap before GC invocations=31 (full 0):
 garbage-first heap   total 89088K, used 52218K [0x0000000083000000, 0x0000000100000000)
  region size 1024K, 5 young (5120K), 4 survivors (4096K)
 Metaspace       used 64474K, committed 64832K, reserved 1105920K
  class space    used 7751K, committed 7936K, reserved 1048576K
}
Event: 8.772 GC heap after
{Heap after GC invocations=32 (full 0):
 garbage-first heap   total 89088K, used 51184K [0x0000000083000000, 0x0000000100000000)
  region size 1024K, 1 young (1024K), 1 survivors (1024K)
 Metaspace       used 64474K, committed 64832K, reserved 1105920K
  class space    used 7751K, committed 7936K, reserved 1048576K
}
Event: 9.665 GC heap before
{Heap before GC invocations=32 (full 0):
 garbage-first heap   total 89088K, used 70640K [0x0000000083000000, 0x0000000100000000)
  region size 1024K, 20 young (20480K), 1 survivors (1024K)
 Metaspace       used 65515K, committed 65792K, reserved 1114112K
  class space    used 7788K, committed 7936K, reserved 1048576K
}
Event: 9.675 GC heap after
{Heap after GC invocations=33 (full 0):
 garbage-first heap   total 89088K, used 54930K [0x0000000083000000, 0x0000000100000000)
  region size 1024K, 3 young (3072K), 3 survivors (3072K)
 Metaspace       used 65515K, committed 65792K, reserved 1114112K
  class space    used 7788K, committed 7936K, reserved 1048576K
}
Event: 10.383 GC heap before
{Heap before GC invocations=34 (full 0):
 garbage-first heap   total 94208K, used 72338K [0x0000000083000000, 0x0000000100000000)
  region size 1024K, 19 young (19456K), 3 survivors (3072K)
 Metaspace       used 66258K, committed 66560K, reserved 1114112K
  class space    used 7812K, committed 8000K, reserved 1048576K
}
Event: 10.397 GC heap after
{Heap after GC invocations=35 (full 0):
 garbage-first heap   total 94208K, used 59185K [0x0000000083000000, 0x0000000100000000)
  region size 1024K, 3 young (3072K), 3 survivors (3072K)
 Metaspace       used 66258K, committed 66560K, reserved 1114112K
  class space    used 7812K, committed 8000K, reserved 1048576K
}
Event: 10.401 GC heap before
{Heap before GC invocations=35 (full 0):
 garbage-first heap   total 94208K, used 60209K [0x0000000083000000, 0x0000000100000000)
  region size 1024K, 4 young (4096K), 3 survivors (3072K)
 Metaspace       used 66264K, committed 66560K, reserved 1114112K
  class space    used 7812K, committed 8000K, reserved 1048576K
}
Event: 10.410 GC heap after
{Heap after GC invocations=36 (full 0):
 garbage-first heap   total 154624K, used 59401K [0x0000000083000000, 0x0000000100000000)
  region size 1024K, 1 young (1024K), 1 survivors (1024K)
 Metaspace       used 66264K, committed 66560K, reserved 1114112K
  class space    used 7812K, committed 8000K, reserved 1048576K
}
Event: 12.325 GC heap before
{Heap before GC invocations=36 (full 0):
 garbage-first heap   total 154624K, used 111625K [0x0000000083000000, 0x0000000100000000)
  region size 1024K, 52 young (53248K), 1 survivors (1024K)
 Metaspace       used 73379K, committed 73728K, reserved 1114112K
  class space    used 8480K, committed 8640K, reserved 1048576K
}
Event: 12.341 GC heap after
{Heap after GC invocations=37 (full 0):
 garbage-first heap   total 154624K, used 63499K [0x0000000083000000, 0x0000000100000000)
  region size 1024K, 5 young (5120K), 5 survivors (5120K)
 Metaspace       used 73379K, committed 73728K, reserved 1114112K
  class space    used 8480K, committed 8640K, reserved 1048576K
}

